2017-10-23 11:30:38,830 DEBUG [cn.mldn.mapping.NewsNS.doCreate] - ==>  Preparing: INSERT INTO member(title,pub_date,note) VALUES (?,?,?) 
2017-10-23 11:30:38,873 DEBUG [cn.mldn.mapping.NewsNS.doCreate] - ==> Parameters: 新闻标题 - 1925813960(String), 2017-10-23 11:30:38.249(Timestamp), 新闻内容 - 1925813960(String)
2017-10-23 11:31:30,866 DEBUG [cn.mldn.mapping.NewsNS.doCreate] - ==>  Preparing: INSERT INTO news(title,pub_date,note) VALUES (?,?,?) 
2017-10-23 11:31:30,911 DEBUG [cn.mldn.mapping.NewsNS.doCreate] - ==> Parameters: 新闻标题 - 1322613108(String), 2017-10-23 11:31:30.315(Timestamp), 新闻内容 - 1322613108(String)
2017-10-23 11:31:30,912 DEBUG [cn.mldn.mapping.NewsNS.doCreate] - <==    Updates: 1
2017-10-23 11:32:59,852 DEBUG [cn.mldn.mapping.NewsNS.doCreate] - ==>  Preparing: INSERT INTO news(title,pub_date,note) VALUES (?,?,?) 
2017-10-23 11:32:59,894 DEBUG [cn.mldn.mapping.NewsNS.doCreate] - ==> Parameters: 新闻标题 - 1721418800(String), 2017-10-23 11:32:59.265(Timestamp), 新闻内容 - 1721418800(String)
2017-10-23 11:32:59,895 DEBUG [cn.mldn.mapping.NewsNS.doCreate] - <==    Updates: 1
2017-10-23 11:35:09,809 DEBUG [cn.mldn.mapping.NewsNS.doCreate] - ==>  Preparing: INSERT INTO news(title,pub_date,note) VALUES (?,?,?) 
2017-10-23 11:35:09,847 DEBUG [cn.mldn.mapping.NewsNS.doCreate] - ==> Parameters: 新闻标题 - 670777223(String), 2017-10-23 11:35:09.167(Timestamp), 新闻内容 - 670777223(String)
2017-10-23 11:35:09,848 DEBUG [cn.mldn.mapping.NewsNS.doCreate] - <==    Updates: 1
2017-10-23 11:40:44,399 DEBUG [cn.mldn.mapping.NewsNS.doCreate] - ==>  Preparing: INSERT INTO news(title,pub_date,note) VALUES (?,?,?) 
2017-10-23 11:40:44,446 DEBUG [cn.mldn.mapping.NewsNS.doCreate] - ==> Parameters: 新闻标题 - 47504996(String), 2017-10-23 11:40:43.804(Timestamp), 新闻内容 - 47504996(String)
2017-10-23 11:40:44,447 DEBUG [cn.mldn.mapping.NewsNS.doCreate] - <==    Updates: 1
2017-10-23 11:40:54,113 DEBUG [cn.mldn.mapping.NewsNS.doCreate] - ==>  Preparing: INSERT INTO news(title,pub_date,note) VALUES (?,?,?) 
2017-10-23 11:40:54,150 DEBUG [cn.mldn.mapping.NewsNS.doCreate] - ==> Parameters: 新闻标题 - 677874677(String), 2017-10-23 11:40:53.509(Timestamp), 新闻内容 - 677874677(String)
2017-10-23 11:40:54,150 DEBUG [cn.mldn.mapping.NewsNS.doCreate] - <==    Updates: 1
2017-10-23 11:45:39,096 DEBUG [cn.mldn.mapping.NewsNS.doEdit] - ==>  Preparing: UPDATE news SET title=?,note=? WHERE nid=? ; 
2017-10-23 11:45:39,125 DEBUG [cn.mldn.mapping.NewsNS.doEdit] - ==> Parameters: 约翰的一生都在约汉(String), 感染了许多的疾病，人生很困苦，人生一定要保守。(String), 3(Long)
2017-10-23 11:45:39,138 DEBUG [cn.mldn.mapping.NewsNS.doEdit] - <==    Updates: 1
2017-10-23 11:46:17,693 DEBUG [cn.mldn.mapping.NewsNS.doEdit] - ==>  Preparing: UPDATE news SET title=?,note=? WHERE nid=? ; 
2017-10-23 11:46:17,722 DEBUG [cn.mldn.mapping.NewsNS.doEdit] - ==> Parameters: 约翰的一生都在约汉(String), 感染了许多的疾病，人生很困苦，人生一定要保守。(String), 3(Long)
2017-10-23 11:46:17,723 DEBUG [cn.mldn.mapping.NewsNS.doEdit] - <==    Updates: 1
2017-10-23 11:49:54,143 DEBUG [cn.mldn.mapping.NewsNS.doRemove] - ==>  Preparing: DELETE FROM news WHERE nid=? ; 
2017-10-23 11:50:07,059 DEBUG [cn.mldn.mapping.NewsNS.doRemove] - ==>  Preparing: DELETE FROM news WHERE nid=? ; 
2017-10-23 11:50:18,676 DEBUG [cn.mldn.mapping.NewsNS.doRemove] - ==>  Preparing: DELETE FROM news WHERE nid=? ; 
2017-10-23 11:50:18,714 DEBUG [cn.mldn.mapping.NewsNS.doRemove] - ==> Parameters: 1(Long)
2017-10-23 11:50:18,715 DEBUG [cn.mldn.mapping.NewsNS.doRemove] - <==    Updates: 1
2017-10-23 11:58:02,389 DEBUG [cn.mldn.mapping.NewsNS.findById] - ==>  Preparing: SELECT nid,title,pub_date,note FROM news WHERE nid=? ; 
2017-10-23 11:58:02,420 DEBUG [cn.mldn.mapping.NewsNS.findById] - ==> Parameters: 3(Long)
2017-10-23 11:58:02,435 TRACE [cn.mldn.mapping.NewsNS.findById] - <==    Columns: nid, title, pub_date, note
2017-10-23 11:58:02,439 TRACE [cn.mldn.mapping.NewsNS.findById] - <==        Row: 3, 约翰的一生都在约汉, 2017-10-23 11:35:09.0, <<BLOB>>
2017-10-23 11:58:02,443 DEBUG [cn.mldn.mapping.NewsNS.findById] - <==      Total: 1
2017-10-23 11:59:59,742 DEBUG [cn.mldn.mapping.NewsNS.findById] - ==>  Preparing: SELECT nid,title,pub_date AS pubdate,note FROM news WHERE nid=? ; 
2017-10-23 11:59:59,771 DEBUG [cn.mldn.mapping.NewsNS.findById] - ==> Parameters: 3(Long)
2017-10-23 11:59:59,791 TRACE [cn.mldn.mapping.NewsNS.findById] - <==    Columns: nid, title, pubdate, note
2017-10-23 11:59:59,796 TRACE [cn.mldn.mapping.NewsNS.findById] - <==        Row: 3, 约翰的一生都在约汉, 2017-10-23 11:35:09.0, <<BLOB>>
2017-10-23 11:59:59,800 DEBUG [cn.mldn.mapping.NewsNS.findById] - <==      Total: 1
2017-10-23 12:02:12,276 DEBUG [cn.mldn.mapping.NewsNS.findById] - ==>  Preparing: SELECT nid,title,pub_date AS pubdate,note FROM news WHERE nid=? ; 
2017-10-23 12:02:12,305 DEBUG [cn.mldn.mapping.NewsNS.findById] - ==> Parameters: 3(Long)
2017-10-23 12:02:12,327 TRACE [cn.mldn.mapping.NewsNS.findById] - <==    Columns: nid, title, pubdate, note
2017-10-23 12:02:12,331 TRACE [cn.mldn.mapping.NewsNS.findById] - <==        Row: 3, 约翰的一生都在约汉, 2017-10-23 11:35:09.0, <<BLOB>>
2017-10-23 12:02:12,333 DEBUG [cn.mldn.mapping.NewsNS.findById] - <==      Total: 1
2017-10-23 12:02:27,609 DEBUG [cn.mldn.mapping.NewsNS.findById] - ==>  Preparing: SELECT nid,title,pub_date,note FROM news WHERE nid=? ; 
2017-10-23 12:02:27,647 DEBUG [cn.mldn.mapping.NewsNS.findById] - ==> Parameters: 3(Long)
2017-10-23 12:02:27,661 TRACE [cn.mldn.mapping.NewsNS.findById] - <==    Columns: nid, title, pub_date, note
2017-10-23 12:02:27,666 TRACE [cn.mldn.mapping.NewsNS.findById] - <==        Row: 3, 约翰的一生都在约汉, 2017-10-23 11:35:09.0, <<BLOB>>
2017-10-23 12:02:27,668 DEBUG [cn.mldn.mapping.NewsNS.findById] - <==      Total: 1
2017-10-23 13:03:39,935 DEBUG [cn.mldn.mapping.NewsNS.findMap] - ==>  Preparing: SELECT nid,title,note FROM news ; 
2017-10-23 13:03:39,965 DEBUG [cn.mldn.mapping.NewsNS.findMap] - ==> Parameters: 
2017-10-23 13:03:39,980 TRACE [cn.mldn.mapping.NewsNS.findMap] - <==    Columns: nid, title, note
2017-10-23 13:03:39,980 TRACE [cn.mldn.mapping.NewsNS.findMap] - <==        Row: 2, 新闻标题 - 1721418800, <<BLOB>>
2017-10-23 13:03:39,984 TRACE [cn.mldn.mapping.NewsNS.findMap] - <==        Row: 3, 约翰的一生都在约汉, <<BLOB>>
2017-10-23 13:03:39,984 TRACE [cn.mldn.mapping.NewsNS.findMap] - <==        Row: 4, 新闻标题 - 47504996, <<BLOB>>
2017-10-23 13:03:39,984 TRACE [cn.mldn.mapping.NewsNS.findMap] - <==        Row: 5, 新闻标题 - 677874677, <<BLOB>>
2017-10-23 13:03:39,985 DEBUG [cn.mldn.mapping.NewsNS.findMap] - <==      Total: 4
2017-10-23 13:34:54,963 DEBUG [cn.mldn.mapping.NewsNS.findAll] - ==>  Preparing: SELECT nid,title,pub_date AS pubdate,note FROM news ; 
2017-10-23 13:34:54,991 DEBUG [cn.mldn.mapping.NewsNS.findAll] - ==> Parameters: 
2017-10-23 13:34:55,006 TRACE [cn.mldn.mapping.NewsNS.findAll] - <==    Columns: nid, title, pubdate, note
2017-10-23 13:34:55,011 TRACE [cn.mldn.mapping.NewsNS.findAll] - <==        Row: 2, 新闻标题 - 1721418800, 2017-10-23 11:32:59.0, <<BLOB>>
2017-10-23 13:34:55,015 TRACE [cn.mldn.mapping.NewsNS.findAll] - <==        Row: 3, 约翰的一生都在约汉, 2017-10-23 11:35:09.0, <<BLOB>>
2017-10-23 13:34:55,016 TRACE [cn.mldn.mapping.NewsNS.findAll] - <==        Row: 4, 新闻标题 - 47504996, 2017-10-23 11:40:43.0, <<BLOB>>
2017-10-23 13:34:55,016 TRACE [cn.mldn.mapping.NewsNS.findAll] - <==        Row: 5, 新闻标题 - 677874677, 2017-10-23 11:40:53.0, <<BLOB>>
2017-10-23 13:34:55,017 DEBUG [cn.mldn.mapping.NewsNS.findAll] - <==      Total: 4
2017-10-23 13:35:31,177 DEBUG [cn.mldn.mapping.NewsNS.findAll] - ==>  Preparing: SELECT nid,title,pub_date AS pubdate,note FROM news ; 
2017-10-23 13:35:31,211 DEBUG [cn.mldn.mapping.NewsNS.findAll] - ==> Parameters: 
2017-10-23 13:35:31,229 TRACE [cn.mldn.mapping.NewsNS.findAll] - <==    Columns: nid, title, pubdate, note
2017-10-23 13:35:31,234 TRACE [cn.mldn.mapping.NewsNS.findAll] - <==        Row: 2, 新闻标题 - 1721418800, 2017-10-23 11:32:59.0, <<BLOB>>
2017-10-23 13:35:31,238 TRACE [cn.mldn.mapping.NewsNS.findAll] - <==        Row: 3, 约翰的一生都在约汉, 2017-10-23 11:35:09.0, <<BLOB>>
2017-10-23 13:35:31,238 TRACE [cn.mldn.mapping.NewsNS.findAll] - <==        Row: 4, 新闻标题 - 47504996, 2017-10-23 11:40:43.0, <<BLOB>>
2017-10-23 13:35:31,238 TRACE [cn.mldn.mapping.NewsNS.findAll] - <==        Row: 5, 新闻标题 - 677874677, 2017-10-23 11:40:53.0, <<BLOB>>
2017-10-23 13:35:31,239 DEBUG [cn.mldn.mapping.NewsNS.findAll] - <==      Total: 4
2017-10-23 13:40:07,900 DEBUG [cn.mldn.mapping.NewsNS.findMap] - ==>  Preparing: SELECT nid,title,pub_date AS pubdate,note FROM news ; 
2017-10-23 13:40:07,938 DEBUG [cn.mldn.mapping.NewsNS.findMap] - ==> Parameters: 
2017-10-23 13:40:07,952 TRACE [cn.mldn.mapping.NewsNS.findMap] - <==    Columns: nid, title, pubdate, note
2017-10-23 13:40:07,957 TRACE [cn.mldn.mapping.NewsNS.findMap] - <==        Row: 2, 新闻标题 - 1721418800, 2017-10-23 11:32:59.0, <<BLOB>>
2017-10-23 13:40:07,962 TRACE [cn.mldn.mapping.NewsNS.findMap] - <==        Row: 3, 约翰的一生都在约汉, 2017-10-23 11:35:09.0, <<BLOB>>
2017-10-23 13:40:07,962 TRACE [cn.mldn.mapping.NewsNS.findMap] - <==        Row: 4, 新闻标题 - 47504996, 2017-10-23 11:40:43.0, <<BLOB>>
2017-10-23 13:40:07,963 TRACE [cn.mldn.mapping.NewsNS.findMap] - <==        Row: 5, 新闻标题 - 677874677, 2017-10-23 11:40:53.0, <<BLOB>>
2017-10-23 13:40:07,964 DEBUG [cn.mldn.mapping.NewsNS.findMap] - <==      Total: 4
2017-10-23 13:41:56,702 DEBUG [cn.mldn.mapping.NewsNS.findMap] - ==>  Preparing: SELECT nid,title,pub_date AS pubdate,note FROM news ; 
2017-10-23 13:41:56,731 DEBUG [cn.mldn.mapping.NewsNS.findMap] - ==> Parameters: 
2017-10-23 13:41:56,746 TRACE [cn.mldn.mapping.NewsNS.findMap] - <==    Columns: nid, title, pubdate, note
2017-10-23 13:41:56,751 TRACE [cn.mldn.mapping.NewsNS.findMap] - <==        Row: 2, 新闻标题 - 1721418800, 2017-10-23 11:32:59.0, <<BLOB>>
2017-10-23 13:41:56,755 TRACE [cn.mldn.mapping.NewsNS.findMap] - <==        Row: 3, 约翰的一生都在约汉, 2017-10-23 11:35:09.0, <<BLOB>>
2017-10-23 13:41:56,756 TRACE [cn.mldn.mapping.NewsNS.findMap] - <==        Row: 4, 新闻标题 - 47504996, 2017-10-23 11:40:43.0, <<BLOB>>
2017-10-23 13:41:56,756 TRACE [cn.mldn.mapping.NewsNS.findMap] - <==        Row: 5, 新闻标题 - 677874677, 2017-10-23 11:40:53.0, <<BLOB>>
2017-10-23 13:41:56,757 DEBUG [cn.mldn.mapping.NewsNS.findMap] - <==      Total: 4
2017-10-23 13:42:11,995 DEBUG [cn.mldn.mapping.NewsNS.findMap] - ==>  Preparing: SELECT nid,title,pub_date AS pubdate,note FROM news ; 
2017-10-23 13:42:12,027 DEBUG [cn.mldn.mapping.NewsNS.findMap] - ==> Parameters: 
2017-10-23 13:42:12,042 TRACE [cn.mldn.mapping.NewsNS.findMap] - <==    Columns: nid, title, pubdate, note
2017-10-23 13:42:12,047 TRACE [cn.mldn.mapping.NewsNS.findMap] - <==        Row: 2, 新闻标题 - 1721418800, 2017-10-23 11:32:59.0, <<BLOB>>
2017-10-23 13:42:12,051 TRACE [cn.mldn.mapping.NewsNS.findMap] - <==        Row: 3, 约翰的一生都在约汉, 2017-10-23 11:35:09.0, <<BLOB>>
2017-10-23 13:42:12,052 TRACE [cn.mldn.mapping.NewsNS.findMap] - <==        Row: 4, 新闻标题 - 47504996, 2017-10-23 11:40:43.0, <<BLOB>>
2017-10-23 13:42:12,052 TRACE [cn.mldn.mapping.NewsNS.findMap] - <==        Row: 5, 新闻标题 - 677874677, 2017-10-23 11:40:53.0, <<BLOB>>
2017-10-23 13:42:12,053 DEBUG [cn.mldn.mapping.NewsNS.findMap] - <==      Total: 4
2017-10-23 13:42:46,000 DEBUG [cn.mldn.mapping.NewsNS.findMap] - ==>  Preparing: SELECT nid,title,pub_date AS pubdate,note FROM news ; 
2017-10-23 13:42:46,036 DEBUG [cn.mldn.mapping.NewsNS.findMap] - ==> Parameters: 
2017-10-23 13:42:46,050 TRACE [cn.mldn.mapping.NewsNS.findMap] - <==    Columns: nid, title, pubdate, note
2017-10-23 13:42:46,055 TRACE [cn.mldn.mapping.NewsNS.findMap] - <==        Row: 2, 新闻标题 - 1721418800, 2017-10-23 11:32:59.0, <<BLOB>>
2017-10-23 13:42:46,059 TRACE [cn.mldn.mapping.NewsNS.findMap] - <==        Row: 3, 约翰的一生都在约汉, 2017-10-23 11:35:09.0, <<BLOB>>
2017-10-23 13:42:46,059 TRACE [cn.mldn.mapping.NewsNS.findMap] - <==        Row: 4, 新闻标题 - 47504996, 2017-10-23 11:40:43.0, <<BLOB>>
2017-10-23 13:42:46,060 TRACE [cn.mldn.mapping.NewsNS.findMap] - <==        Row: 5, 新闻标题 - 677874677, 2017-10-23 11:40:53.0, <<BLOB>>
2017-10-23 13:42:46,060 DEBUG [cn.mldn.mapping.NewsNS.findMap] - <==      Total: 4
2017-10-23 13:44:38,783 DEBUG [cn.mldn.mapping.NewsNS.findMap] - ==>  Preparing: SELECT nid,title,pub_date AS pubdate,note FROM news ; 
2017-10-23 13:44:38,812 DEBUG [cn.mldn.mapping.NewsNS.findMap] - ==> Parameters: 
2017-10-23 13:44:38,827 TRACE [cn.mldn.mapping.NewsNS.findMap] - <==    Columns: nid, title, pubdate, note
2017-10-23 13:44:38,832 TRACE [cn.mldn.mapping.NewsNS.findMap] - <==        Row: 2, 新闻标题 - 1721418800, 2017-10-23 11:32:59.0, <<BLOB>>
2017-10-23 13:44:38,837 TRACE [cn.mldn.mapping.NewsNS.findMap] - <==        Row: 3, 约翰的一生都在约汉, 2017-10-23 11:35:09.0, <<BLOB>>
2017-10-23 13:44:38,837 TRACE [cn.mldn.mapping.NewsNS.findMap] - <==        Row: 4, 新闻标题 - 47504996, 2017-10-23 11:40:43.0, <<BLOB>>
2017-10-23 13:44:38,837 TRACE [cn.mldn.mapping.NewsNS.findMap] - <==        Row: 5, 新闻标题 - 677874677, 2017-10-23 11:40:53.0, <<BLOB>>
2017-10-23 13:44:38,838 DEBUG [cn.mldn.mapping.NewsNS.findMap] - <==      Total: 4
2017-10-23 13:55:07,636 DEBUG [cn.mldn.mapping.NewsNS.findSplit] - ==>  Preparing: SELECT nid,title,pub_date,note FROM news WHERE title LIKE ? LIMIT ?,? ; 
2017-10-23 13:55:07,666 DEBUG [cn.mldn.mapping.NewsNS.findSplit] - ==> Parameters: %新闻%(String), 0(Long), 2(Integer)
2017-10-23 13:55:07,683 TRACE [cn.mldn.mapping.NewsNS.findSplit] - <==    Columns: nid, title, pub_date, note
2017-10-23 13:55:07,688 TRACE [cn.mldn.mapping.NewsNS.findSplit] - <==        Row: 2, 新闻标题 - 1721418800, 2017-10-23 11:32:59.0, <<BLOB>>
2017-10-23 13:55:07,692 TRACE [cn.mldn.mapping.NewsNS.findSplit] - <==        Row: 4, 新闻标题 - 47504996, 2017-10-23 11:40:43.0, <<BLOB>>
2017-10-23 13:55:07,692 DEBUG [cn.mldn.mapping.NewsNS.findSplit] - <==      Total: 2
2017-10-23 13:57:28,746 DEBUG [cn.mldn.mapping.NewsNS.getSplitCount] - ==>  Preparing: SELECT COUNT(*) FROM news WHERE title LIKE ? 
2017-10-23 13:57:28,775 DEBUG [cn.mldn.mapping.NewsNS.getSplitCount] - ==> Parameters: %新闻%(String)
2017-10-23 13:57:28,804 TRACE [cn.mldn.mapping.NewsNS.getSplitCount] - <==    Columns: COUNT(*)
2017-10-23 13:57:28,804 TRACE [cn.mldn.mapping.NewsNS.getSplitCount] - <==        Row: 3
2017-10-23 13:57:28,805 DEBUG [cn.mldn.mapping.NewsNS.getSplitCount] - <==      Total: 1
