2017-10-23 15:28:53,662 DEBUG [cn.mldn.mapping.NewsNS.findAll] - ==>  Preparing: SELECT nid,title,pub_date AS pubdate,note FROM news 
2017-10-23 15:28:53,691 DEBUG [cn.mldn.mapping.NewsNS.findAll] - ==> Parameters: 
2017-10-23 15:28:53,723 TRACE [cn.mldn.mapping.NewsNS.findAll] - <==    Columns: nid, title, pubdate, note
2017-10-23 15:28:53,727 TRACE [cn.mldn.mapping.NewsNS.findAll] - <==        Row: 2, 新闻标题 - 1721418800, 2017-10-23 11:32:59.0, <<BLOB>>
2017-10-23 15:28:53,732 TRACE [cn.mldn.mapping.NewsNS.findAll] - <==        Row: 3, 约翰的一生都在约汉, 2017-10-23 11:35:09.0, <<BLOB>>
2017-10-23 15:28:53,732 TRACE [cn.mldn.mapping.NewsNS.findAll] - <==        Row: 4, 新闻标题 - 47504996, 2017-10-23 11:40:43.0, <<BLOB>>
2017-10-23 15:28:53,732 TRACE [cn.mldn.mapping.NewsNS.findAll] - <==        Row: 5, 新闻标题 - 677874677, 2017-10-23 11:40:53.0, <<BLOB>>
2017-10-23 15:28:53,733 DEBUG [cn.mldn.mapping.NewsNS.findAll] - <==      Total: 4
2017-10-23 15:32:05,407 DEBUG [cn.mldn.mapping.NewsNS.findAll] - ==>  Preparing: SELECT nid,title,pub_date AS pubdate,note FROM news WHERE title=? 
2017-10-23 15:32:05,443 DEBUG [cn.mldn.mapping.NewsNS.findAll] - ==> Parameters: 约翰的一生都在约汉(String)
2017-10-23 15:32:05,462 TRACE [cn.mldn.mapping.NewsNS.findAll] - <==    Columns: nid, title, pubdate, note
2017-10-23 15:32:05,466 TRACE [cn.mldn.mapping.NewsNS.findAll] - <==        Row: 3, 约翰的一生都在约汉, 2017-10-23 11:35:09.0, <<BLOB>>
2017-10-23 15:32:05,470 DEBUG [cn.mldn.mapping.NewsNS.findAll] - <==      Total: 1
2017-10-23 15:34:49,519 DEBUG [cn.mldn.mapping.NewsNS.findAll] - ==>  Preparing: SELECT nid,title,pub_date AS pubdate,note FROM news WHERE title=? 
2017-10-23 15:34:49,549 DEBUG [cn.mldn.mapping.NewsNS.findAll] - ==> Parameters: 约翰的一生都在约汉(String)
2017-10-23 15:34:49,563 TRACE [cn.mldn.mapping.NewsNS.findAll] - <==    Columns: nid, title, pubdate, note
2017-10-23 15:34:49,568 TRACE [cn.mldn.mapping.NewsNS.findAll] - <==        Row: 3, 约翰的一生都在约汉, 2017-10-23 11:35:09.0, <<BLOB>>
2017-10-23 15:34:49,572 DEBUG [cn.mldn.mapping.NewsNS.findAll] - <==      Total: 1
2017-10-23 15:41:52,243 DEBUG [cn.mldn.mapping.NewsNS.findAll] - ==>  Preparing: SELECT nid,title,pub_date AS pubdate,note FROM news WHERE title=? 
2017-10-23 15:41:52,282 DEBUG [cn.mldn.mapping.NewsNS.findAll] - ==> Parameters: 约翰的一生都在约汉(String)
2017-10-23 15:41:52,297 TRACE [cn.mldn.mapping.NewsNS.findAll] - <==    Columns: nid, title, pubdate, note
2017-10-23 15:41:52,302 TRACE [cn.mldn.mapping.NewsNS.findAll] - <==        Row: 3, 约翰的一生都在约汉, 2017-10-23 11:35:09.0, <<BLOB>>
2017-10-23 15:41:52,306 DEBUG [cn.mldn.mapping.NewsNS.findAll] - <==      Total: 1
2017-10-23 15:42:19,155 DEBUG [cn.mldn.mapping.NewsNS.findAll] - ==>  Preparing: SELECT nid,title,pub_date AS pubdate,note FROM news WHERE nid=? AND title=? 
2017-10-23 15:42:19,188 DEBUG [cn.mldn.mapping.NewsNS.findAll] - ==> Parameters: 5(Integer), 约翰的一生都在约汉(String)
2017-10-23 15:42:19,214 DEBUG [cn.mldn.mapping.NewsNS.findAll] - <==      Total: 0
2017-10-23 15:45:50,228 DEBUG [cn.mldn.mapping.NewsNS.findAll] - ==>  Preparing: SELECT nid,title,pub_date AS pubdate,note FROM news WHERE title=? 
2017-10-23 15:45:50,263 DEBUG [cn.mldn.mapping.NewsNS.findAll] - ==> Parameters: null
2017-10-23 15:45:50,277 DEBUG [cn.mldn.mapping.NewsNS.findAll] - <==      Total: 0
2017-10-23 15:46:07,238 DEBUG [cn.mldn.mapping.NewsNS.findSplit] - ==>  Preparing: SELECT nid,title,pub_date AS pubdate,note FROM news 
2017-10-23 15:46:07,267 DEBUG [cn.mldn.mapping.NewsNS.findSplit] - ==> Parameters: 
2017-10-23 15:46:07,282 TRACE [cn.mldn.mapping.NewsNS.findSplit] - <==    Columns: nid, title, pubdate, note
2017-10-23 15:46:07,286 TRACE [cn.mldn.mapping.NewsNS.findSplit] - <==        Row: 2, 新闻标题 - 1721418800, 2017-10-23 11:32:59.0, <<BLOB>>
2017-10-23 15:46:07,290 TRACE [cn.mldn.mapping.NewsNS.findSplit] - <==        Row: 3, 约翰的一生都在约汉, 2017-10-23 11:35:09.0, <<BLOB>>
2017-10-23 15:46:07,290 TRACE [cn.mldn.mapping.NewsNS.findSplit] - <==        Row: 4, 新闻标题 - 47504996, 2017-10-23 11:40:43.0, <<BLOB>>
2017-10-23 15:46:07,291 TRACE [cn.mldn.mapping.NewsNS.findSplit] - <==        Row: 5, 新闻标题 - 677874677, 2017-10-23 11:40:53.0, <<BLOB>>
2017-10-23 15:46:07,292 DEBUG [cn.mldn.mapping.NewsNS.findSplit] - <==      Total: 4
2017-10-23 15:46:47,676 DEBUG [cn.mldn.mapping.NewsNS.findSplit] - ==>  Preparing: SELECT nid,title,pub_date AS pubdate,note FROM news WHERE title LIKE ? 
2017-10-23 15:46:47,706 DEBUG [cn.mldn.mapping.NewsNS.findSplit] - ==> Parameters: %新闻%(String)
2017-10-23 15:46:47,732 TRACE [cn.mldn.mapping.NewsNS.findSplit] - <==    Columns: nid, title, pubdate, note
2017-10-23 15:46:47,736 TRACE [cn.mldn.mapping.NewsNS.findSplit] - <==        Row: 2, 新闻标题 - 1721418800, 2017-10-23 11:32:59.0, <<BLOB>>
2017-10-23 15:46:47,740 TRACE [cn.mldn.mapping.NewsNS.findSplit] - <==        Row: 4, 新闻标题 - 47504996, 2017-10-23 11:40:43.0, <<BLOB>>
2017-10-23 15:46:47,741 TRACE [cn.mldn.mapping.NewsNS.findSplit] - <==        Row: 5, 新闻标题 - 677874677, 2017-10-23 11:40:53.0, <<BLOB>>
2017-10-23 15:46:47,741 DEBUG [cn.mldn.mapping.NewsNS.findSplit] - <==      Total: 3
2017-10-23 15:54:43,598 DEBUG [cn.mldn.mapping.NewsNS.doEdit] - ==>  Preparing: UPDATE news SET title=? WHERE nid=? 
2017-10-23 15:54:43,628 DEBUG [cn.mldn.mapping.NewsNS.doEdit] - ==> Parameters: 晚上小强请吃饭，蒸蛋糕。(String), 2(Long)
2017-10-23 15:54:43,640 DEBUG [cn.mldn.mapping.NewsNS.doEdit] - <==    Updates: 1
2017-10-23 15:55:07,861 DEBUG [cn.mldn.mapping.NewsNS.doEdit] - ==>  Preparing: UPDATE news SET title=? , note=? WHERE nid=? 
2017-10-23 15:55:07,895 DEBUG [cn.mldn.mapping.NewsNS.doEdit] - ==> Parameters: 晚上小强请吃饭，蒸蛋糕。(String), 不吃白不吃， 吃了给银子，每人3两(String), 2(Long)
2017-10-23 15:55:07,896 DEBUG [cn.mldn.mapping.NewsNS.doEdit] - <==    Updates: 1
2017-10-23 16:00:44,038 DEBUG [cn.mldn.mapping.NewsNS.findSplit] - ==>  Preparing: SELECT nid,title,pub_date AS pubdate,note FROM news WHERE title LIKE ? 
2017-10-23 16:00:44,070 DEBUG [cn.mldn.mapping.NewsNS.findSplit] - ==> Parameters: %新闻%(String)
2017-10-23 16:00:44,084 TRACE [cn.mldn.mapping.NewsNS.findSplit] - <==    Columns: nid, title, pubdate, note
2017-10-23 16:00:44,089 TRACE [cn.mldn.mapping.NewsNS.findSplit] - <==        Row: 2, 新闻标题 - 1721418800, 2017-10-23 11:32:59.0, <<BLOB>>
2017-10-23 16:00:44,093 TRACE [cn.mldn.mapping.NewsNS.findSplit] - <==        Row: 4, 新闻标题 - 47504996, 2017-10-23 11:40:43.0, <<BLOB>>
2017-10-23 16:00:44,093 TRACE [cn.mldn.mapping.NewsNS.findSplit] - <==        Row: 5, 新闻标题 - 677874677, 2017-10-23 11:40:53.0, <<BLOB>>
2017-10-23 16:00:44,094 DEBUG [cn.mldn.mapping.NewsNS.findSplit] - <==      Total: 3
2017-10-23 16:05:09,310 DEBUG [cn.mldn.mapping.NewsNS.findByIds] - ==>  Preparing: SELECT nid,title,pub_date AS pubdate,note FROM news WHERE nid IN ( ? , ? , ? ) 
2017-10-23 16:05:09,342 DEBUG [cn.mldn.mapping.NewsNS.findByIds] - ==> Parameters: 1(Long), 2(Long), 3(Long)
2017-10-23 16:05:09,374 TRACE [cn.mldn.mapping.NewsNS.findByIds] - <==    Columns: nid, title, pubdate, note
2017-10-23 16:05:09,378 TRACE [cn.mldn.mapping.NewsNS.findByIds] - <==        Row: 2, 新闻标题 - 1721418800, 2017-10-23 11:32:59.0, <<BLOB>>
2017-10-23 16:05:09,382 TRACE [cn.mldn.mapping.NewsNS.findByIds] - <==        Row: 3, 约翰的一生都在约汉, 2017-10-23 11:35:09.0, <<BLOB>>
2017-10-23 16:05:09,383 DEBUG [cn.mldn.mapping.NewsNS.findByIds] - <==      Total: 2
2017-10-23 16:05:49,307 DEBUG [cn.mldn.mapping.NewsNS.findByIds] - ==>  Preparing: SELECT nid,title,pub_date AS pubdate,note FROM news WHERE nid IN ( ? , ? , ? ) 
2017-10-23 16:05:49,339 DEBUG [cn.mldn.mapping.NewsNS.findByIds] - ==> Parameters: 1(Long), 2(Long), 3(Long)
2017-10-23 16:05:49,353 TRACE [cn.mldn.mapping.NewsNS.findByIds] - <==    Columns: nid, title, pubdate, note
2017-10-23 16:05:49,357 TRACE [cn.mldn.mapping.NewsNS.findByIds] - <==        Row: 2, 新闻标题 - 1721418800, 2017-10-23 11:32:59.0, <<BLOB>>
2017-10-23 16:05:49,361 TRACE [cn.mldn.mapping.NewsNS.findByIds] - <==        Row: 3, 约翰的一生都在约汉, 2017-10-23 11:35:09.0, <<BLOB>>
2017-10-23 16:05:49,362 DEBUG [cn.mldn.mapping.NewsNS.findByIds] - <==      Total: 2
